Building DAG of jobs...
Relative file path './data/wine.csv' starts with './'. This is redundant and strongly discouraged. It can also lead to inconsistent results of the file-matching approach used by Snakemake. You can simply omit the './' for relative file paths.
Relative file path './results/classification_report.txt' starts with './'. This is redundant and strongly discouraged. It can also lead to inconsistent results of the file-matching approach used by Snakemake. You can simply omit the './' for relative file paths.
Relative file path './results/confusion_matrix.txt' starts with './'. This is redundant and strongly discouraged. It can also lead to inconsistent results of the file-matching approach used by Snakemake. You can simply omit the './' for relative file paths.
Relative file path './results/correlation_heatmap.png' starts with './'. This is redundant and strongly discouraged. It can also lead to inconsistent results of the file-matching approach used by Snakemake. You can simply omit the './' for relative file paths.
Relative file path './results/summary_statistics.csv' starts with './'. This is redundant and strongly discouraged. It can also lead to inconsistent results of the file-matching approach used by Snakemake. You can simply omit the './' for relative file paths.
Using shell: /bin/bash
Provided cores: 1 (use --cores to define parallelism)
Rules claiming more threads will be scaled down.
Job stats:
job        count
-------  -------
analyze        1
total          1

Select jobs to execute...

[Fri Dec  8 04:06:30 2023]
rule analyze:
    input: ./data/wine.csv
    output: ./results/classification_report.txt, ./results/confusion_matrix.txt, ./results/correlation_heatmap.png, ./results/summary_statistics.csv
    jobid: 0
    reason: Missing output files: ./results/confusion_matrix.txt, ./results/correlation_heatmap.png, ./results/summary_statistics.csv, ./results/classification_report.txt
    resources: tmpdir=/var/folders/zn/c3p45tzj01g5kzxf3374t0lw0000gn/T

[Fri Dec  8 04:06:34 2023]
Finished job 0.
1 of 1 steps (100%) done
Complete log: .snakemake/log/2023-12-08T040630.861787.snakemake.log
